INFO:root:Request Status: 200
INFO:root:No updates
INFO:root:Request Status: 200
INFO:root:No updates
INFO:root:Request Status: 200
INFO:root:No updates
INFO:root:Request Status: 200
INFO:root:No updates
INFO:root:Request Status: 200
INFO:root:No updates
INFO:root:2020-11-20T14:38:32.869821
INFO:root:Request Status: 200
INFO:root:No updates
INFO:root:2020-11-20T14:42:02.784694
INFO:root:Request Status: 200
INFO:root:No updates
INFO:root:2020-11-20T15:06:07.162369
INFO:root:Request Status: 200
INFO:root:No updates
INFO:root:2020-11-20T15:10:18.860881
INFO:root:Request Status: 200
INFO:root:No updates
INFO:root:2020-11-20T16:25:31.435920
INFO:root:Request Status: 200
INFO:root:No updates
INFO:root:2020-11-20T16:30:01.832483
INFO:root:Request Status: 200
INFO:root:No updates
INFO:root:2020-11-20T17:24:38.895588
INFO:root:Request Status: 200
INFO:root:King, Age: 1, Weights: 45,45, MATCH: False

INFO:root:2020-11-20T17:28:39.139556
INFO:root:Request Status: 200
INFO:root:No updates
INFO:root:2020-11-20T17:30:01.227610
INFO:root:Request Status: 200
INFO:root:No updates
INFO:root:2020-11-20T18:00:01.026436
INFO:root:Request Status: 200
INFO:root:No updates
INFO:root:2020-11-20T18:30:01.014696
INFO:root:Request Status: 200
INFO:root:No updates
INFO:root:2020-11-20T19:00:01.094157
INFO:root:Request Status: 200
INFO:root:No updates
INFO:root:2020-11-20T19:30:00.626465
INFO:root:Request Status: 200
INFO:root:No updates
INFO:root:2020-11-20T20:00:00.858060
INFO:root:Request Status: 200
INFO:root:No updates
INFO:root:2020-11-20T20:30:01.200213
INFO:root:Request Status: 200
INFO:root:No updates
INFO:root:2020-11-21T08:00:01.055473
INFO:root:Request Status: 200
INFO:root:No updates
INFO:root:2020-11-21T08:30:01.152353
INFO:root:Request Status: 200
INFO:root:No updates
INFO:root:2020-11-21T09:00:01.622394
INFO:root:Request Status: 200
INFO:root:No updates
INFO:root:2020-11-21T09:30:01.048057
INFO:root:Request Status: 200
INFO:root:No updates
INFO:root:2020-11-21T10:00:00.685189
INFO:root:Request Status: 200
INFO:root:No updates
INFO:root:2020-11-21T10:30:01.407303
INFO:root:Request Status: 200
INFO:root:No updates
INFO:root:2020-11-21T11:00:00.764569
INFO:root:Request Status: 200
INFO:root:No updates
INFO:root:2020-11-21T11:30:01.346072
INFO:root:Request Status: 200
INFO:root:No updates
INFO:root:2020-11-21T12:00:01.116214
INFO:root:Request Status: 200
INFO:root:No updates
INFO:root:2020-11-21T12:30:01.363800
INFO:root:Request Status: 200
INFO:root:No updates
INFO:root:2020-11-21T13:00:00.850281
INFO:root:Request Status: 200
INFO:root:No updates
INFO:root:2020-11-21T13:30:01.226117
INFO:root:Request Status: 200
INFO:root:No updates
INFO:root:2020-11-21T14:00:01.037104
INFO:root:Request Status: 200
INFO:root:No updates
INFO:root:2020-11-21T14:30:01.249078
INFO:root:Request Status: 200
INFO:root:No updates
INFO:root:2020-11-21T15:00:01.157662
INFO:root:Request Status: 200
INFO:root:No updates
INFO:root:2020-11-21T15:30:01.161944
INFO:root:Request Status: 200
INFO:root:No updates
INFO:root:2020-11-21T16:00:00.684900
INFO:root:Request Status: 200
INFO:root:No updates
INFO:root:2020-11-21T16:30:00.472997
INFO:root:Request Status: 200
INFO:root:No updates
INFO:root:2020-11-21T17:00:00.661226
INFO:root:Request Status: 200
INFO:root:No updates
INFO:root:2020-11-21T17:30:01.060607
INFO:root:Request Status: 200
INFO:root:No updates
INFO:root:2020-11-21T18:00:01.529279
INFO:root:Request Status: 200
INFO:root:No updates
INFO:root:2020-11-21T18:30:00.961158
INFO:root:Request Status: 200
INFO:root:No updates
INFO:root:2020-11-22T12:30:01.097343
INFO:root:Request Status: 200
INFO:root:No updates
INFO:root:2020-11-22T13:00:00.825019
INFO:root:Request Status: 200
INFO:root:No updates
INFO:root:2020-11-22T13:30:00.677347
INFO:root:Request Status: 200
INFO:root:No updates
INFO:root:2020-11-22T14:00:00.573378
INFO:root:Request Status: 200
INFO:root:No updates
INFO:root:2020-11-22T14:30:00.780881
INFO:root:Request Status: 200
INFO:root:No updates
INFO:root:2020-11-22T15:00:00.411847
INFO:root:Request Status: 200
INFO:root:No updates
INFO:root:2020-11-22T15:30:01.162031
INFO:root:Request Status: 200
INFO:root:No updates
INFO:root:2020-11-22T16:00:01.387204
INFO:root:Request Status: 200
INFO:root:No updates
INFO:root:2020-11-22T16:30:00.879117
INFO:root:Request Status: 200
INFO:root:No updates
INFO:root:2020-11-22T17:00:01.576242
INFO:root:Request Status: 200
INFO:root:No updates
INFO:root:2020-11-22T17:30:01.144414
INFO:root:Request Status: 200
INFO:root:No updates
INFO:root:2020-11-22T18:00:01.213397
INFO:root:Request Status: 200
INFO:root:No updates
INFO:root:2020-11-22T18:30:01.478376
INFO:root:Request Status: 200
INFO:root:No updates
INFO:root:2020-11-23T08:00:01.563343
INFO:root:Request Status: 200
INFO:root:No updates
INFO:root:2020-11-23T08:30:01.076820
INFO:root:Request Status: 200
INFO:root:No updates
INFO:root:2020-11-23T09:00:00.621914
INFO:root:Request Status: 200
INFO:root:No updates
INFO:root:2020-11-23T09:30:01.395376
INFO:root:Request Status: 200
INFO:root:No updates
INFO:root:2020-11-23T10:00:00.927465
INFO:root:Request Status: 200
INFO:root:No updates
INFO:root:2020-11-23T10:30:01.477260
INFO:root:Request Status: 200
INFO:root:No updates
INFO:root:2020-11-23T11:00:00.981290
INFO:root:Request Status: 200
INFO:root:No updates
INFO:root:2020-11-23T11:30:01.396604
INFO:root:Request Status: 200
INFO:root:No updates
INFO:root:2020-11-23T12:00:00.903580
INFO:root:Request Status: 200
INFO:root:No updates
INFO:root:2020-11-23T12:30:01.388926
INFO:root:Request Status: 200
INFO:root:No updates
INFO:root:2020-11-23T13:00:00.703699
INFO:root:Request Status: 200
INFO:root:No updates
INFO:root:2020-11-23T13:30:01.587063
INFO:root:Request Status: 200
INFO:root:No updates
INFO:root:2020-11-23T14:00:00.790473
INFO:root:Request Status: 200
INFO:root:No updates
INFO:root:2020-11-23T14:30:01.239642
INFO:root:Request Status: 200
INFO:root:No updates
INFO:root:2020-11-23T15:00:01.091584
INFO:root:Request Status: 200
INFO:root:No updates
INFO:root:2020-11-23T15:30:01.584632
INFO:root:Request Status: 200
INFO:root:No updates
INFO:root:2020-11-23T16:00:01.242263
INFO:root:Request Status: 200
INFO:root:No updates
INFO:root:2020-11-23T16:30:01.452052
INFO:root:Request Status: 200
INFO:root:No updates
INFO:root:2020-11-23T17:00:00.921966
INFO:root:Request Status: 200
INFO:root:No updates
INFO:root:2020-11-23T17:30:01.317307
INFO:root:Request Status: 200
INFO:root:No updates
INFO:root:2020-11-23T18:00:00.745790
INFO:root:Request Status: 200
INFO:root:No updates
INFO:root:2020-11-23T18:30:01.119152
INFO:root:Request Status: 200
INFO:root:No updates
INFO:root:2020-11-24T08:00:00.795765
INFO:root:Request Status: 200
INFO:root:No updates
INFO:root:2020-11-24T08:30:01.164747
INFO:root:Request Status: 200
INFO:root:No updates
INFO:root:2020-11-24T09:00:00.730141
INFO:root:Request Status: 200
INFO:root:No updates
INFO:root:2020-11-24T09:30:01.388984
INFO:root:Request Status: 200
INFO:root:No updates
INFO:root:2020-11-24T10:00:00.655021
INFO:root:Request Status: 200
INFO:root:No updates
INFO:root:2020-11-24T10:30:01.406085
INFO:root:Request Status: 200
INFO:root:No updates
INFO:root:2020-11-24T11:00:00.720454
INFO:root:Request Status: 200
INFO:root:No updates
INFO:root:2020-11-24T11:30:01.362583
INFO:root:Request Status: 200
INFO:root:No updates
INFO:root:2020-11-24T12:00:01.056411
INFO:root:Request Status: 200
INFO:root:No updates
INFO:root:2020-11-24T12:30:01.292432
INFO:root:Request Status: 200
INFO:root:No updates
INFO:root:2020-11-24T13:00:01.141513
INFO:root:Request Status: 200
INFO:root:No updates
INFO:root:2020-11-24T13:30:01.247161
INFO:root:Request Status: 200
INFO:root:No updates
INFO:root:2020-11-24T14:00:00.801521
INFO:root:Request Status: 200
INFO:root:No updates
INFO:root:2020-11-24T14:30:01.260812
INFO:root:Request Status: 200
INFO:root:No updates
INFO:root:2020-11-24T15:00:00.940242
INFO:root:Request Status: 200
INFO:root:No updates
INFO:root:2020-11-24T15:30:01.148301
INFO:root:Request Status: 200
INFO:root:No updates
INFO:root:2020-11-24T16:00:01.259381
INFO:root:Request Status: 200
INFO:root:No updates
INFO:root:2020-11-24T16:30:01.152468
INFO:root:Request Status: 200
INFO:root:No updates
INFO:root:2020-11-24T17:00:01.167818
INFO:root:Request Status: 200
INFO:root:No updates
INFO:root:2020-11-24T17:30:00.988926
INFO:root:Request Status: 200
INFO:root:No updates
INFO:root:2020-11-24T18:00:01.338022
INFO:root:Request Status: 200
INFO:root:No updates
INFO:root:2020-11-24T18:30:01.057279
INFO:root:Request Status: 200
INFO:root:No updates
INFO:root:2020-11-25T08:00:01.620447
INFO:root:Request Status: 200
INFO:root:No updates
INFO:root:2020-11-25T08:30:01.617422
INFO:root:Request Status: 200
INFO:root:No updates
INFO:root:2020-11-25T09:00:00.715907
INFO:root:Request Status: 200
INFO:root:No updates
INFO:root:2020-11-25T09:30:01.419246
INFO:root:Request Status: 200
INFO:root:No updates
INFO:root:2020-11-25T10:00:01.513412
INFO:root:Request Status: 200
INFO:root:No updates
INFO:root:2020-11-25T10:30:00.559766
INFO:root:Request Status: 200
INFO:root:No updates
INFO:root:2020-11-25T11:00:01.612180
INFO:root:Request Status: 200
INFO:root:No updates
INFO:root:2020-11-25T11:30:00.985193
INFO:root:Request Status: 200
INFO:root:No updates
INFO:root:2020-11-25T12:00:01.546934
INFO:root:Request Status: 200
INFO:root:No updates
INFO:root:2020-11-25T12:30:01.534285
INFO:root:Request Status: 200
INFO:root:No updates
INFO:root:2020-11-25T13:00:01.531620
INFO:root:Request Status: 200
INFO:root:No updates
INFO:root:2020-11-25T13:30:01.037272
INFO:root:Request Status: 200
INFO:root:No updates
INFO:root:2020-11-25T14:00:01.565572
INFO:root:Request Status: 200
INFO:root:No updates
INFO:root:2020-11-25T14:30:01.134358
INFO:root:Request Status: 200
INFO:root:No updates
INFO:root:2020-11-25T15:00:01.460038
INFO:root:Request Status: 200
INFO:root:No updates
INFO:root:2020-11-25T15:30:00.938163
INFO:root:Request Status: 200
INFO:root:No updates
INFO:root:2020-11-25T16:00:01.575663
INFO:root:Request Status: 200
INFO:root:No updates
INFO:root:2020-11-25T16:30:01.021492
INFO:root:Request Status: 200
INFO:root:No updates
INFO:root:2020-11-25T17:00:01.440242
INFO:root:Request Status: 200
INFO:root:No updates
INFO:root:2020-11-25T17:30:01.576702
INFO:root:Request Status: 200
INFO:root:No updates
INFO:root:2020-11-25T18:00:01.122020
INFO:root:Request Status: 200
INFO:root:No updates
INFO:root:2020-11-25T18:30:01.049999
INFO:root:Request Status: 200
INFO:root:No updates
INFO:root:2020-11-26T08:00:01.360894
INFO:root:Request Status: 200
INFO:root:No updates
INFO:root:2020-11-26T08:30:01.351783
INFO:root:Request Status: 200
INFO:root:No updates
INFO:root:2020-11-26T09:00:01.171573
INFO:root:Request Status: 200
INFO:root:No updates
INFO:root:2020-11-26T09:30:00.822060
INFO:root:Request Status: 200
INFO:root:No updates
INFO:root:2020-11-26T10:00:01.223238
INFO:root:Request Status: 200
INFO:root:No updates
INFO:root:2020-11-26T10:30:00.819575
INFO:root:Request Status: 200
INFO:root:No updates
INFO:root:2020-11-26T11:00:01.224873
INFO:root:Request Status: 200
INFO:root:No updates
INFO:root:2020-11-26T11:30:00.604513
INFO:root:Request Status: 200
INFO:root:No updates
INFO:root:2020-11-26T12:00:01.071237
INFO:root:Request Status: 200
INFO:root:No updates
INFO:root:2020-11-26T12:30:00.902965
INFO:root:Request Status: 200
INFO:root:No updates
INFO:root:2020-11-26T13:00:01.071892
INFO:root:Request Status: 200
INFO:root:No updates
INFO:root:2020-11-26T13:30:01.603343
INFO:root:Request Status: 200
INFO:root:No updates
INFO:root:2020-11-26T14:00:01.214156
INFO:root:Request Status: 200
INFO:root:No updates
INFO:root:2020-11-26T14:30:00.762768
INFO:root:Request Status: 200
INFO:root:No updates
INFO:root:2020-11-26T15:00:01.074813
INFO:root:Request Status: 200
INFO:root:No updates
INFO:root:2020-11-26T15:30:00.707782
INFO:root:Request Status: 200
INFO:root:No updates
INFO:root:2020-11-26T16:00:01.604733
INFO:root:Request Status: 200
INFO:root:No updates
INFO:root:2020-11-26T16:30:00.713696
INFO:root:Request Status: 200
INFO:root:No updates
INFO:root:2020-11-26T17:00:00.985083
INFO:root:Request Status: 200
INFO:root:No updates
INFO:root:2020-11-26T17:30:00.651589
INFO:root:Request Status: 200
INFO:root:No updates
INFO:root:2020-11-26T18:00:01.335023
INFO:root:Request Status: 200
INFO:root:No updates
INFO:root:2020-11-26T18:30:01.605284
INFO:root:Request Status: 200
INFO:root:No updates
INFO:root:2020-11-27T08:00:01.119345
INFO:root:Request Status: 200
INFO:root:No updates
INFO:root:2020-11-27T08:30:01.435061
INFO:root:Request Status: 200
INFO:root:No updates
INFO:root:2020-11-27T09:00:01.317926
INFO:root:Request Status: 200
INFO:root:No updates
INFO:root:2020-11-27T09:30:00.646258
INFO:root:Request Status: 200
INFO:root:No updates
INFO:root:2020-11-27T10:00:00.965520
INFO:root:Request Status: 200
INFO:root:No updates
INFO:root:2020-11-27T10:30:01.581199
INFO:root:Request Status: 200
INFO:root:No updates
INFO:root:2020-11-27T11:00:01.328015
INFO:root:Request Status: 200
INFO:root:No updates
INFO:root:2020-11-27T11:30:00.678845
INFO:root:Request Status: 200
INFO:root:No updates
INFO:root:2020-11-27T12:00:00.894157
INFO:root:Request Status: 200
INFO:root:No updates
INFO:root:2020-11-27T12:30:01.410938
INFO:root:Request Status: 200
INFO:root:No updates
INFO:root:2020-11-27T13:00:01.013042
INFO:root:Request Status: 200
INFO:root:No updates
INFO:root:2020-11-27T13:30:01.520395
INFO:root:Request Status: 200
INFO:root:No updates
INFO:root:2020-11-27T14:00:00.912132
INFO:root:Request Status: 200
INFO:root:No updates
INFO:root:2020-11-27T14:30:00.940961
INFO:root:Request Status: 200
INFO:root:No updates
INFO:root:2020-11-27T15:00:00.878307
INFO:root:Request Status: 200
INFO:root:No updates
INFO:root:2020-11-27T15:30:00.932306
INFO:root:Request Status: 200
INFO:root:No updates
INFO:root:2020-11-27T16:00:00.867509
INFO:root:Request Status: 200
INFO:root:No updates
INFO:root:2020-11-27T16:30:01.032710
INFO:root:Request Status: 200
INFO:root:No updates
INFO:root:2020-11-27T17:00:01.534004
INFO:root:Request Status: 200
INFO:root:No updates
INFO:root:2020-11-27T17:30:00.923088
INFO:root:Request Status: 200
INFO:root:No updates
INFO:root:2020-11-27T18:00:00.894665
INFO:root:Request Status: 200
INFO:root:No updates
INFO:root:2020-11-27T18:30:00.659263
INFO:root:Request Status: 200
INFO:root:No updates
INFO:root:2020-11-28T08:00:00.732879
INFO:root:Request Status: 200
INFO:root:No updates
INFO:root:2020-11-28T08:30:01.303959
INFO:root:Request Status: 200
INFO:root:No updates
INFO:root:2020-11-28T09:00:00.765065
INFO:root:Request Status: 200
INFO:root:No updates
INFO:root:2020-11-28T09:30:01.416967
INFO:root:Request Status: 200
INFO:root:No updates
INFO:root:2020-11-28T10:00:00.833074
INFO:root:Request Status: 200
INFO:root:No updates
INFO:root:2020-11-28T10:30:01.297300
INFO:root:Request Status: 200
INFO:root:No updates
INFO:root:2020-11-28T11:00:01.016568
INFO:root:Request Status: 200
INFO:root:No updates
INFO:root:2020-11-28T11:30:01.395388
INFO:root:Request Status: 200
INFO:root:No updates
INFO:root:2020-11-28T12:00:00.797607
INFO:root:Request Status: 200
INFO:root:No updates
INFO:root:2020-11-28T12:30:01.755651
INFO:root:Request Status: 200
INFO:root:No updates
INFO:root:2020-11-28T13:00:00.818801
INFO:root:Request Status: 200
INFO:root:No updates
INFO:root:2020-11-28T13:30:00.723895
INFO:root:Request Status: 200
INFO:root:No updates
INFO:root:2020-11-28T14:00:00.721997
INFO:root:Request Status: 200
INFO:root:No updates
INFO:root:2020-11-28T14:30:01.221281
INFO:root:Request Status: 200
INFO:root:No updates
INFO:root:2020-11-28T15:00:00.784865
INFO:root:Request Status: 200
INFO:root:No updates
INFO:root:2020-11-28T15:30:00.923484
INFO:root:Request Status: 200
INFO:root:No updates
INFO:root:2020-11-28T16:00:00.793752
INFO:root:Request Status: 200
INFO:root:No updates
INFO:root:2020-11-28T16:30:01.406836
INFO:root:Request Status: 200
INFO:root:No updates
INFO:root:2020-11-28T17:00:01.024914
INFO:root:Request Status: 200
INFO:root:No updates
INFO:root:2020-11-28T17:30:01.327694
INFO:root:Request Status: 200
INFO:root:No updates
INFO:root:2020-11-28T18:00:00.720865
INFO:root:Request Status: 200
INFO:root:No updates
INFO:root:2020-11-28T18:30:01.502022
INFO:root:Request Status: 200
INFO:root:No updates
INFO:root:2020-11-29T08:00:00.638411
INFO:root:Request Status: 200
INFO:root:No updates
INFO:root:2020-11-29T08:30:01.417508
INFO:root:Request Status: 200
INFO:root:No updates
INFO:root:2020-11-29T09:00:00.724745
INFO:root:Request Status: 200
INFO:root:No updates
INFO:root:2020-11-29T09:30:01.183714
INFO:root:Request Status: 200
INFO:root:No updates
INFO:root:2020-11-29T10:00:00.885252
INFO:root:Request Status: 200
INFO:root:No updates
INFO:root:2020-11-29T10:30:01.342511
INFO:root:Request Status: 200
INFO:root:No updates
INFO:root:2020-11-29T11:00:00.893685
INFO:root:Request Status: 200
INFO:root:No updates
INFO:root:2020-11-29T11:30:01.306694
INFO:root:Request Status: 200
INFO:root:No updates
INFO:root:2020-11-29T12:00:00.924077
INFO:root:Request Status: 200
INFO:root:No updates
INFO:root:2020-11-29T12:30:01.535289
INFO:root:Request Status: 200
INFO:root:No updates
INFO:root:2020-11-29T13:00:01.125856
INFO:root:Request Status: 200
INFO:root:No updates
INFO:root:2020-11-29T13:30:00.827517
INFO:root:Request Status: 200
INFO:root:No updates
INFO:root:2020-11-29T14:00:01.155909
INFO:root:Request Status: 200
INFO:root:No updates
INFO:root:2020-11-29T14:30:01.562607
INFO:root:Request Status: 200
INFO:root:No updates
INFO:root:2020-11-29T15:00:01.569559
INFO:root:Request Status: 200
INFO:root:No updates
INFO:root:2020-11-29T15:30:01.550509
INFO:root:Request Status: 200
INFO:root:No updates
INFO:root:2020-11-29T16:00:01.396479
INFO:root:Request Status: 200
INFO:root:No updates
INFO:root:2020-11-29T16:30:01.549203
INFO:root:Request Status: 200
INFO:root:No updates
INFO:root:2020-11-29T17:00:00.963055
INFO:root:Request Status: 200
INFO:root:No updates
INFO:root:2020-11-29T17:30:00.905634
INFO:root:Request Status: 200
INFO:root:No updates
INFO:root:2020-11-29T18:00:01.005991
INFO:root:Request Status: 200
INFO:root:No updates
INFO:root:2020-11-29T18:30:01.602723
INFO:root:Request Status: 200
INFO:root:No updates
INFO:root:2020-11-30T08:00:00.638847
INFO:root:Request Status: 200
INFO:root:No updates
INFO:root:2020-11-30T08:30:00.787841
INFO:root:Request Status: 200
INFO:root:No updates
INFO:root:2020-11-30T09:00:00.816291
INFO:root:Request Status: 200
INFO:root:No updates
INFO:root:2020-11-30T09:30:01.119512
INFO:root:Request Status: 200
INFO:root:No updates
INFO:root:2020-11-30T10:00:00.877212
INFO:root:Request Status: 200
INFO:root:No updates
INFO:root:2020-11-30T10:30:01.600310
INFO:root:Request Status: 200
INFO:root:No updates
INFO:root:2020-11-30T11:00:01.457832
INFO:root:Request Status: 200
INFO:root:No updates
INFO:root:2020-11-30T11:30:01.020632
INFO:root:Request Status: 200
INFO:root:No updates
INFO:root:2020-11-30T12:00:00.816725
INFO:root:Request Status: 200
INFO:root:No updates
INFO:root:2020-11-30T12:30:00.626379
INFO:root:Request Status: 200
INFO:root:No updates
INFO:root:2020-11-30T13:00:00.848414
INFO:root:Request Status: 200
INFO:root:No updates
INFO:root:2020-11-30T13:30:01.676530
INFO:root:Request Status: 200
INFO:root:No updates
INFO:root:2020-11-30T14:00:00.859920
INFO:root:Request Status: 200
INFO:root:No updates
INFO:root:2020-11-30T14:30:01.207071
INFO:root:Request Status: 200
INFO:root:No updates
INFO:root:2020-11-30T15:00:00.546367
INFO:root:Request Status: 200
INFO:root:No updates
INFO:root:2020-11-30T15:30:00.983456
INFO:root:Request Status: 200
INFO:root:No updates
INFO:root:2020-11-30T16:00:00.907459
INFO:root:Request Status: 200
INFO:root:No updates
INFO:root:2020-11-30T16:30:01.240780
INFO:root:Request Status: 200
INFO:root:No updates
INFO:root:2020-11-30T17:00:01.394497
INFO:root:Request Status: 200
INFO:root:No updates
INFO:root:2020-11-30T17:30:01.363303
INFO:root:Request Status: 200
INFO:root:No updates
INFO:root:2020-11-30T18:00:00.797757
INFO:root:Request Status: 200
INFO:root:No updates
INFO:root:2020-11-30T18:30:01.846666
INFO:root:Request Status: 200
INFO:root:No updates
INFO:root:2020-12-01T10:30:01.441035
INFO:root:Request Status: 200
INFO:root:No updates
INFO:root:2020-12-01T11:00:00.676395
INFO:root:Request Status: 200
INFO:root:No updates
INFO:root:2020-12-01T11:30:01.421108
INFO:root:Request Status: 200
INFO:root:Lola, Age: 1, Weights: 35,35, MATCH: True

INFO:root:2020-12-01T12:00:01.154919
INFO:root:Request Status: 200
INFO:root:No updates
INFO:root:2020-12-01T12:30:00.566827
INFO:root:Request Status: 200
INFO:root:No updates
INFO:root:2020-12-01T13:00:00.903937
INFO:root:Request Status: 200
INFO:root:Zoey, Age: 4, Weights: 100,0, MATCH: False
Dallas, Age: 2, Weights: 8,60, MATCH: False
Denver, Age: 2, Weights: 8,60, MATCH: False

INFO:root:2020-12-01T13:30:00.650690
INFO:root:Request Status: 200
INFO:root:Bowie, Age: 3, Weights: 25,25, MATCH: True

INFO:root:2020-12-01T14:00:01.332372
INFO:root:Request Status: 200
INFO:root:No updates
INFO:root:2020-12-01T14:30:00.729263
INFO:root:Request Status: 200
INFO:root:No updates
INFO:root:2020-12-01T15:00:01.378299
INFO:root:Request Status: 200
INFO:root:No updates
INFO:root:2020-12-01T15:30:00.794337
INFO:root:Request Status: 200
INFO:root:2020-12-01T16:00:00.582738
INFO:root:Request Status: 200
INFO:root:2020-12-01T16:30:01.215496
INFO:root:Request Status: 200
INFO:root:2020-12-01T17:00:01.265540
INFO:root:Request Status: 200
INFO:root:2020-12-01T17:16:48.264175
INFO:root:Request Status: 200
INFO:root:2020-12-01T17:20:23.208720
INFO:root:Request Status: 200
INFO:root:Pody, Age: 2, Weights: 7,5, MATCH: True

INFO:root:2020-12-01T17:30:01.393516
INFO:root:Request Status: 200
INFO:root:No updates
INFO:root:2020-12-01T18:00:01.581025
INFO:root:Request Status: 200
INFO:root:No updates
INFO:root:2020-12-01T18:30:01.650655
INFO:root:Request Status: 200
INFO:root:No updates
INFO:root:2020-12-01T22:58:02.905282
INFO:root:Request Status: 200
INFO:root:Cali, Age: 3, Weights: 47,47, MATCH: False

INFO:root:2020-12-01T23:00:40.157652
INFO:root:Request Status: 200
INFO:root:No updates
INFO:root:2020-12-02T09:00:01.062200
INFO:root:Request Status: 200
INFO:root:No updates
INFO:root:2020-12-02T09:30:01.563840
INFO:root:Request Status: 200
INFO:root:No updates
INFO:root:2020-12-02T10:00:01.353815
INFO:root:Request Status: 200
INFO:root:Brownie, Age: 2, Weights: 40,40, MATCH: True

INFO:root:2020-12-02T10:30:00.890166
INFO:root:Request Status: 200
INFO:root:Brownie, Age: 2, Weights: 40,40, MATCH: True
Penelope, Age: 1, Weights: 10,10, MATCH: True
Petey, Age: 6, Weights: 49,90, MATCH: False

INFO:root:2020-12-02T11:00:01.438190
INFO:root:Request Status: 200
INFO:root:Brownie, Age: 2, Weights: 40,40, MATCH: True
Penelope, Age: 1, Weights: 10,10, MATCH: True
Sally, Age: 2, Weights: 50,50, MATCH: False
Petey, Age: 7, Weights: 49,90, MATCH: False

INFO:root:2020-12-02T11:18:15.235890
INFO:root:Request Status: 200
INFO:root:Brownie, Age: 2, Weights: 40,40, MATCH: True
Penelope, Age: 1, Weights: 10,10, MATCH: True
Sally, Age: 2, Weights: 50,50, MATCH: False
Petey, Age: 7, Weights: 49,90, MATCH: False

INFO:root:2020-12-02T11:30:01.261171
INFO:root:Request Status: 200
INFO:root:No updates
INFO:root:2020-12-02T12:00:00.674444
INFO:root:Request Status: 200
INFO:root:No updates
INFO:root:2020-12-02T12:30:01.349880
INFO:root:Request Status: 200
INFO:root:No updates
INFO:root:2020-12-02T13:00:00.765990
INFO:root:Request Status: 200
INFO:root:No updates
INFO:root:2020-12-02T13:30:01.292535
INFO:root:Request Status: 200
INFO:root:No updates
INFO:root:2020-12-02T14:00:00.765813
INFO:root:Request Status: 200
INFO:root:Faith, Age: 5, Weights: 8,30, MATCH: True
Sammy Joe, Age: 3, Weights: 10,60, MATCH: False
Marshall, Age: 5, Weights: 17,60, MATCH: False

INFO:root:2020-12-02T14:30:01.342837
INFO:root:Request Status: 200
INFO:root:Faith, Age: 5, Weights: 8,30, MATCH: True
Sammy Joe, Age: 3, Weights: 10,60, MATCH: False
Marshall, Age: 5, Weights: 17,60, MATCH: False

INFO:root:2020-12-02T15:00:00.609781
INFO:root:Request Status: 200
INFO:root:Faith, Age: 5, Weights: 8,30, MATCH: True
Sammy Joe, Age: 3, Weights: 10,60, MATCH: False
Marshall, Age: 5, Weights: 17,60, MATCH: False

INFO:root:2020-12-02T15:30:00.758732
INFO:root:Request Status: 200
INFO:root:Sammy Joe, Age: 3, Weights: 10,60, MATCH: False
Marshall, Age: 5, Weights: 17,60, MATCH: False

INFO:root:2020-12-02T16:00:01.095924
INFO:root:Request Status: 200
INFO:root:Vonny, Age: 3, Weights: 31,31, MATCH: True
Sammy Joe, Age: 3, Weights: 10,60, MATCH: False
Marshall, Age: 5, Weights: 17,60, MATCH: False

INFO:root:2020-12-02T16:30:01.048227
INFO:root:Request Status: 200
INFO:root:No updates
INFO:root:2020-12-02T17:00:00.726491
INFO:root:Request Status: 200
INFO:root:No updates
INFO:root:2020-12-02T17:30:01.079681
INFO:root:Request Status: 200
INFO:root:No updates
INFO:root:2020-12-02T18:00:01.539019
INFO:root:Request Status: 200
INFO:root:Rose, Age: 1, Weights: 33,33, MATCH: True
Lisa, Age: 2, Weights: 24,50, MATCH: False

INFO:root:2020-12-02T18:30:01.376102
INFO:root:Request Status: 200
INFO:root:No updates
INFO:root:2020-12-02T19:00:01.377037
INFO:root:Request Status: 200
INFO:root:Waverly, Age: 1, Weights: 47,47, MATCH: False

INFO:root:2020-12-02T19:30:00.992839
INFO:root:Request Status: 200
INFO:root:No updates
INFO:root:2020-12-03T09:00:01.514617
INFO:root:Request Status: 200
INFO:root:No updates
INFO:root:2020-12-03T09:30:01.138476
INFO:root:Request Status: 200
INFO:root:No updates
INFO:root:2020-12-03T10:00:01.420532
INFO:root:Request Status: 200
INFO:root:No updates
INFO:root:2020-12-03T10:30:01.028830
INFO:root:Request Status: 200
INFO:root:No updates
INFO:root:2020-12-03T11:00:01.427179
INFO:root:Request Status: 200
INFO:root:No updates
INFO:root:2020-12-03T11:30:01.519744
INFO:root:Request Status: 200
INFO:root:No updates
INFO:root:2020-12-03T12:00:00.900052
INFO:root:Request Status: 200
INFO:root:No updates
INFO:root:2020-12-03T12:30:01.034482
INFO:root:Request Status: 200
INFO:root:Junior, Age: 2, Weights: 11,11, MATCH: True
Anya, Age: 9, Weights: 29,50, MATCH: False

INFO:root:2020-12-03T13:00:01.143350
INFO:root:Request Status: 200
INFO:root:No updates
INFO:root:2020-12-03T13:30:01.441228
INFO:root:Request Status: 200
INFO:root:No updates
INFO:root:Status: 200 at 2020-12-03T14:00:00.999802
INFO:root:No updates
INFO:root:Status: 200 at 2020-12-03T14:15:00.831037
INFO:root:Status: 200 at 2020-12-03T14:30:01.031333
INFO:root:Status: 200 at 2020-12-03T14:45:00.629069
INFO:root:Status: 200 at 2020-12-03T15:00:00.826892
INFO:root:Status: 200 at 2020-12-03T15:15:00.736143
INFO:root:Status: 200 at 2020-12-03T15:30:01.432183
INFO:root:Status: 200 at 2020-12-03T15:45:01.161132
INFO:root:Status: 200 at 2020-12-03T16:00:00.825331
INFO:root:Status: 200 at 2020-12-03T16:15:01.136320
INFO:root:Status: 200 at 2020-12-03T16:30:00.956697
INFO:root:Status: 200 at 2020-12-03T16:45:01.589487
INFO:root:Status: 200 at 2020-12-03T17:00:00.938681
INFO:root:Status: 200 at 2020-12-03T17:15:00.530505
INFO:root:Status: 200 at 2020-12-03T17:30:01.042525
INFO:root:Status: 200 at 2020-12-03T17:45:01.643760
INFO:root:Status: 200 at 2020-12-03T18:00:01.335796
INFO:root:Status: 200 at 2020-12-03T18:15:00.928872
INFO:root:Status: 200 at 2020-12-03T18:30:01.335223
INFO:root:Status: 200 at 2020-12-03T18:45:00.942761
INFO:root:Status: 200 at 2020-12-03T19:00:01.269712
INFO:root:Status: 200 at 2020-12-03T19:15:01.149813
INFO:root:Status: 200 at 2020-12-03T19:30:01.069384
INFO:root:Status: 200 at 2020-12-03T19:45:01.434337
INFO:root:Status: 200 at 2020-12-04T09:00:01.454094
INFO:root:Status: 200 at 2020-12-04T09:15:01.347755
INFO:root:Status: 200 at 2020-12-04T09:30:01.068417
INFO:root:Status: 200 at 2020-12-04T09:45:01.442865
INFO:root:Status: 200 at 2020-12-04T10:00:01.338902
INFO:root:Status: 200 at 2020-12-04T10:15:01.064246
INFO:root:Status: 200 at 2020-12-04T10:30:00.606978
INFO:root:King, Age: 1, Weights: 45,45, MATCH: False

INFO:root:Status: 200 at 2020-12-04T10:45:00.552006
INFO:root:Status: 200 at 2020-12-04T11:00:00.577587
INFO:root:Status: 200 at 2020-12-04T11:15:01.216094
INFO:root:Status: 200 at 2020-12-04T11:30:01.385791
INFO:root:Status: 200 at 2020-12-04T11:45:01.221214
INFO:root:Status: 200 at 2020-12-04T12:00:00.624311
INFO:root:Status: 200 at 2020-12-04T12:15:00.882340
INFO:root:Status: 200 at 2020-12-04T12:30:00.821169
INFO:root:Abby, Age: 1, Weights: 55,65, MATCH: False

INFO:root:Status: 200 at 2020-12-04T12:45:00.664022
INFO:root:Status: 200 at 2020-12-04T13:00:01.021825
INFO:root:Status: 200 at 2020-12-04T13:15:01.530706
INFO:root:Status: 200 at 2020-12-04T13:30:00.919658
INFO:root:Status: 200 at 2020-12-04T13:45:01.426143
INFO:root:Status: 200 at 2020-12-04T14:00:01.540674
INFO:root:Status: 200 at 2020-12-04T14:15:01.417824
INFO:root:Status: 200 at 2020-12-04T14:30:01.392323
INFO:root:Status: 200 at 2020-12-04T14:45:00.519093
INFO:root:Status: 200 at 2020-12-04T15:00:01.627909
INFO:root:Status: 200 at 2020-12-04T15:15:01.024706
INFO:root:Status: 200 at 2020-12-04T15:30:00.923078
INFO:root:Status: 200 at 2020-12-04T15:45:00.644362
INFO:root:Status: 200 at 2020-12-04T16:00:01.258871
INFO:root:Status: 200 at 2020-12-04T16:15:00.959386
INFO:root:Status: 200 at 2020-12-04T16:30:00.795230
INFO:root:Status: 200 at 2020-12-04T16:45:01.425218
INFO:root:Status: 200 at 2020-12-04T17:00:01.330796
INFO:root:Status: 200 at 2020-12-04T17:15:00.919951
INFO:root:Status: 200 at 2020-12-04T17:30:01.321694
INFO:root:Status: 200 at 2020-12-04T17:45:00.480530
INFO:root:Status: 200 at 2020-12-04T18:00:00.577095
INFO:root:Status: 200 at 2020-12-04T18:15:00.773831
INFO:root:Status: 200 at 2020-12-04T18:30:01.424041
INFO:root:Status: 200 at 2020-12-04T18:45:00.923654
INFO:root:Status: 200 at 2020-12-04T19:00:01.334582
INFO:root:Status: 200 at 2020-12-04T19:15:01.354659
